Using pre-set license
Built from '2021.1/staging' branch; Version is '2021.1.19f1 (5f5eb8bbdc25) revision 6250168'; Using compiler version '192528614'; Build Type 'Release'
OS: 'Windows 10 Pro; OS build 19042.1237; Version 2009; 64bit' Language: 'en' Physical Memory: 16319 MB
BatchMode: 1, IsHumanControllingUs: 0, StartBugReporterOnCrash: 0, Is64bit: 1, IsPro: 0

COMMAND LINE ARGUMENTS:
C:\Program Files\Unity\Hub\Editor\2021.1.19f1\Editor\Unity.exe
-adb2
-batchMode
-noUpm
-name
AssetImportWorker0
-projectPath
C:/Users/wilin/Nauka programowania
-logFile
Logs/AssetImportWorker0.log
-srvPort
54935
Successfully changed project path to: C:/Users/wilin/Nauka programowania
C:/Users/wilin/Nauka programowania
Using Asset Import Pipeline V2.
Refreshing native plugins compatible for Editor in 115.80 ms, found 4 plugins.
Preloading 0 native plugins for Editor in 0.00 ms.
Initialize engine version: 2021.1.19f1 (5f5eb8bbdc25)
[Subsystems] Discovering subsystems at path C:/Program Files/Unity/Hub/Editor/2021.1.19f1/Editor/Data/Resources/UnitySubsystems
[Subsystems] Discovering subsystems at path C:/Users/wilin/Nauka programowania/Assets
GfxDevice: creating device client; threaded=0; jobified=0
Direct3D:
    Version:  Direct3D 11.0 [level 11.1]
    Renderer: NVIDIA GeForce GTX 1080 (ID=0x1b80)
    Vendor:   NVIDIA
    VRAM:     8079 MB
    Driver:   27.21.14.5751
Initialize mono
Mono path[0] = 'C:/Program Files/Unity/Hub/Editor/2021.1.19f1/Editor/Data/Managed'
Mono path[1] = 'C:/Program Files/Unity/Hub/Editor/2021.1.19f1/Editor/Data/MonoBleedingEdge/lib/mono/unityjit'
Mono config path = 'C:/Program Files/Unity/Hub/Editor/2021.1.19f1/Editor/Data/MonoBleedingEdge/etc'
Using monoOptions --debugger-agent=transport=dt_socket,embedding=1,server=y,suspend=n,address=127.0.0.1:56424
Begin MonoManager ReloadAssembly
Registering precompiled unity dll's ...
Register platform support module: C:/Program Files/Unity/Hub/Editor/2021.1.19f1/Editor/Data/PlaybackEngines/WindowsStandaloneSupport/UnityEditor.WindowsStandalone.Extensions.dll
Registered in 0.001709 seconds.
Native extension for WindowsStandalone target not found
Refreshing native plugins compatible for Editor in 121.24 ms, found 4 plugins.
Preloading 0 native plugins for Editor in 0.00 ms.
Mono: successfully reloaded assembly
- Completed reload, in  1.955 seconds
Domain Reload Profiling:
	ReloadAssembly (1955ms)
		BeginReloadAssembly (74ms)
			ExecutionOrderSort (0ms)
			DisableScriptedObjects (0ms)
			BackupInstance (0ms)
			ReleaseScriptingObjects (0ms)
			CreateAndSetChildDomain (1ms)
		EndReloadAssembly (533ms)
			LoadAssemblies (70ms)
			RebuildTransferFunctionScriptingTraits (0ms)
			SetupTypeCache (186ms)
			ReleaseScriptCaches (0ms)
			RebuildScriptCaches (31ms)
			SetupLoadedEditorAssemblies (266ms)
				LogAssemblyErrors (0ms)
				InitializePlatformSupportModulesInManaged (6ms)
				SetLoadedEditorAssemblies (0ms)
				RefreshPlugins (121ms)
				BeforeProcessingInitializeOnLoad (1ms)
				ProcessInitializeOnLoadAttributes (105ms)
				ProcessInitializeOnLoadMethodAttributes (33ms)
				AfterProcessingInitializeOnLoad (0ms)
				EditorAssembliesLoaded (0ms)
			ExecutionOrderSort2 (0ms)
			AwakeInstancesAfterBackupRestoration (0ms)
Platform modules already initialized, skipping
Registering precompiled user dll's ...
Registered in 0.005003 seconds.
Begin MonoManager ReloadAssembly
Symbol file LoadedFromMemory doesn't match image C:\Users\wilin\Nauka programowania\Library\PackageCache\com.unity.visualscripting@1.6.1\Editor\VisualScripting.Core\Dependencies\YamlDotNet\Unity.VisualScripting.YamlDotNet.dll
Symbol file LoadedFromMemory doesn't match image C:\Users\wilin\Nauka programowania\Library\PackageCache\com.unity.visualscripting@1.6.1\Editor\VisualScripting.Core\Dependencies\DotNetZip\Unity.VisualScripting.IonicZip.dll
Native extension for WindowsStandalone target not found
Refreshing native plugins compatible for Editor in 113.41 ms, found 4 plugins.
Preloading 0 native plugins for Editor in 0.00 ms.
Mono: successfully reloaded assembly
- Completed reload, in  1.388 seconds
Domain Reload Profiling:
	ReloadAssembly (1389ms)
		BeginReloadAssembly (168ms)
			ExecutionOrderSort (0ms)
			DisableScriptedObjects (5ms)
			BackupInstance (0ms)
			ReleaseScriptingObjects (0ms)
			CreateAndSetChildDomain (23ms)
		EndReloadAssembly (1156ms)
			LoadAssemblies (113ms)
			RebuildTransferFunctionScriptingTraits (0ms)
			SetupTypeCache (393ms)
			ReleaseScriptCaches (1ms)
			RebuildScriptCaches (59ms)
			SetupLoadedEditorAssemblies (498ms)
				LogAssemblyErrors (0ms)
				InitializePlatformSupportModulesInManaged (5ms)
				SetLoadedEditorAssemblies (0ms)
				RefreshPlugins (113ms)
				BeforeProcessingInitializeOnLoad (96ms)
				ProcessInitializeOnLoadAttributes (260ms)
				ProcessInitializeOnLoadMethodAttributes (17ms)
				AfterProcessingInitializeOnLoad (7ms)
				EditorAssembliesLoaded (0ms)
			ExecutionOrderSort2 (0ms)
			AwakeInstancesAfterBackupRestoration (6ms)
Platform modules already initialized, skipping
========================================================================
Worker process is ready to serve import requests
Launched and connected shader compiler UnityShaderCompiler.exe after 0.08 seconds
Refreshing native plugins compatible for Editor in 1.18 ms, found 4 plugins.
Preloading 0 native plugins for Editor in 0.00 ms.
Unloading 3688 Unused Serialized files (Serialized files now loaded: 0)
System memory in use before: 136.6 MB.
System memory in use after: 136.8 MB.

Unloading 30 unused Assets to reduce memory usage. Loaded Objects now: 4139.
Total: 3.595500 ms (FindLiveObjects: 0.293900 ms CreateObjectMapping: 0.244400 ms MarkObjects: 2.987800 ms  DeleteObjects: 0.068400 ms)

AssetImportParameters requested are different than current active one (requested -> active):
  custom:framework-win-MediaFoundation: 216162199b28c13a410421893ffa2e32 -> 
  custom:video-decoder-ogg-theora: a1e56fd34408186e4bbccfd4996cb3dc -> 
  custom:container-muxer-webm: aa71ff27fc2769a1b78a27578f13a17b -> 
  custom:container-demuxer-webm: 4f35f7cbe854078d1ac9338744f61a02 -> 
  custom:container-demuxer-ogg: 62fdf1f143b41e24485cea50d1cbac27 -> 
  custom:video-encoder-webm-vp8: eb34c28f22e8b96e1ab97ce403110664 -> 
  custom:video-decoder-webm-vp8: 9c59270c3fd7afecdb556c50c9e8de78 -> 
  custom:audio-decoder-ogg-vorbis: bf7c407c2cedff20999df2af8eb42d56 -> 
  custom:audio-encoder-webm-vorbis: bf7c407c2cedff20999df2af8eb42d56 -> 
========================================================================
Received Import Request.
  path: Assets/Scenes/Level 1.unity
  artifactKey: Guid(2cda990e2423bbf4892e6590ba056729) Importer(815301076,1909f56bfc062723c751e8b465ee728b)
Start importing Assets/Scenes/Level 1.unity using Guid(2cda990e2423bbf4892e6590ba056729) Importer(815301076,1909f56bfc062723c751e8b465ee728b)  -> (artifact id: '7e7d7787883815df0e806fe5d410781e') in 0.024631 seconds 
========================================================================
Received Prepare
Refreshing native plugins compatible for Editor in 4.86 ms, found 4 plugins.
Preloading 0 native plugins for Editor in 0.00 ms.
Unloading 16 Unused Serialized files (Serialized files now loaded: 0)
System memory in use before: 63.4 MB.
System memory in use after: 63.6 MB.

Unloading 16 unused Assets to reduce memory usage. Loaded Objects now: 4139.
Total: 4.630600 ms (FindLiveObjects: 0.391900 ms CreateObjectMapping: 0.291100 ms MarkObjects: 3.916100 ms  DeleteObjects: 0.028600 ms)

AssetImportParameters requested are different than current active one (requested -> active):
  custom:framework-win-MediaFoundation: 216162199b28c13a410421893ffa2e32 -> 
  custom:video-decoder-ogg-theora: a1e56fd34408186e4bbccfd4996cb3dc -> 
  custom:container-muxer-webm: aa71ff27fc2769a1b78a27578f13a17b -> 
  custom:container-demuxer-webm: 4f35f7cbe854078d1ac9338744f61a02 -> 
  custom:container-demuxer-ogg: 62fdf1f143b41e24485cea50d1cbac27 -> 
  custom:video-encoder-webm-vp8: eb34c28f22e8b96e1ab97ce403110664 -> 
  custom:video-decoder-webm-vp8: 9c59270c3fd7afecdb556c50c9e8de78 -> 
  custom:audio-decoder-ogg-vorbis: bf7c407c2cedff20999df2af8eb42d56 -> 
  custom:audio-encoder-webm-vorbis: bf7c407c2cedff20999df2af8eb42d56 -> 
========================================================================
Received Import Request.
  Time since last request: 56.865816 seconds.
  path: Assets/Prefabs/CanvasGame.prefab
  artifactKey: Guid(b33beafac4ecc22448d75c02576609ee) Importer(815301076,1909f56bfc062723c751e8b465ee728b)
Start importing Assets/Prefabs/CanvasGame.prefab using Guid(b33beafac4ecc22448d75c02576609ee) Importer(815301076,1909f56bfc062723c751e8b465ee728b)  -> (artifact id: 'cf2074aa669bf9e83f6dec817286394b') in 0.084371 seconds 
========================================================================
Received Import Request.
  Time since last request: 164.472615 seconds.
  path: Assets/Scenes/MainMenu.unity
  artifactKey: Guid(44e01b56fa0005a4e8f27de6af46397c) Importer(815301076,1909f56bfc062723c751e8b465ee728b)
Start importing Assets/Scenes/MainMenu.unity using Guid(44e01b56fa0005a4e8f27de6af46397c) Importer(815301076,1909f56bfc062723c751e8b465ee728b)  -> (artifact id: 'b38901e36aed9e276dbc5fc0d8e6e5b4') in 0.012427 seconds 
========================================================================
Received Import Request.
  Time since last request: 128.434994 seconds.
  path: Assets/Scenes/Level 1.unity
  artifactKey: Guid(2cda990e2423bbf4892e6590ba056729) Importer(815301076,1909f56bfc062723c751e8b465ee728b)
Start importing Assets/Scenes/Level 1.unity using Guid(2cda990e2423bbf4892e6590ba056729) Importer(815301076,1909f56bfc062723c751e8b465ee728b)  -> (artifact id: '5e0bc6e3f21210d45836681d1a06aee3') in 0.005611 seconds 
========================================================================
Received Import Request.
  Time since last request: 1470.929893 seconds.
  path: Assets/Sprites/earth-46570_1280.png
  artifactKey: Guid(107ddda0d0caeb54e9913d4557a6ac41) Importer(815301076,1909f56bfc062723c751e8b465ee728b)
Start importing Assets/Sprites/earth-46570_1280.png using Guid(107ddda0d0caeb54e9913d4557a6ac41) Importer(815301076,1909f56bfc062723c751e8b465ee728b)  -> (artifact id: 'c972e0676fbd28bcee98618c79c5a6c9') in 0.111337 seconds 
========================================================================
Received Import Request.
  Time since last request: 0.007711 seconds.
  path: Assets/Sprites/p.png
  artifactKey: Guid(715f82299b16cbd4f85ae0717abb05f4) Importer(815301076,1909f56bfc062723c751e8b465ee728b)
Start importing Assets/Sprites/p.png using Guid(715f82299b16cbd4f85ae0717abb05f4) Importer(815301076,1909f56bfc062723c751e8b465ee728b)  -> (artifact id: 'a02c697dbe342b56002f0583df8ec6c5') in 0.018321 seconds 
========================================================================
Received Import Request.
  Time since last request: 0.007991 seconds.
  path: Assets/Sprites/cactus-147425_640.png
  artifactKey: Guid(8249aee1b7e965449ae3fbbeb40288be) Importer(815301076,1909f56bfc062723c751e8b465ee728b)
Start importing Assets/Sprites/cactus-147425_640.png using Guid(8249aee1b7e965449ae3fbbeb40288be) Importer(815301076,1909f56bfc062723c751e8b465ee728b)  -> (artifact id: '32e02088151bd89bd7f20a3129f414e0') in 0.017825 seconds 
========================================================================
Received Import Request.
  Time since last request: 0.014380 seconds.
  path: Assets/Sprites/planets-2120004_1920.jpg
  artifactKey: Guid(810286180a0ce6949913fa7191eba705) Importer(815301076,1909f56bfc062723c751e8b465ee728b)
Start importing Assets/Sprites/planets-2120004_1920.jpg using Guid(810286180a0ce6949913fa7191eba705) Importer(815301076,1909f56bfc062723c751e8b465ee728b)  -> (artifact id: 'fdfd4a5f55b9c5ba1548e9ad18d22dae') in 0.031688 seconds 
========================================================================
Received Import Request.
  Time since last request: 0.006916 seconds.
  path: Assets/Fonts/ArchitectsDaughter-Regular.ttf
  artifactKey: Guid(ec1932f47e6453547b421d1c71f3ada6) Importer(815301076,1909f56bfc062723c751e8b465ee728b)
Start importing Assets/Fonts/ArchitectsDaughter-Regular.ttf using Guid(ec1932f47e6453547b421d1c71f3ada6) Importer(815301076,1909f56bfc062723c751e8b465ee728b)  -> (artifact id: '66e838b2721af469c7c945065a13a391') in 0.041324 seconds 
========================================================================
Received Import Request.
  Time since last request: 0.016571 seconds.
  path: Assets/Scenes/Level 1.unity
  artifactKey: Guid(2cda990e2423bbf4892e6590ba056729) Importer(815301076,1909f56bfc062723c751e8b465ee728b)
Start importing Assets/Scenes/Level 1.unity using Guid(2cda990e2423bbf4892e6590ba056729) Importer(815301076,1909f56bfc062723c751e8b465ee728b)  -> (artifact id: '4cc731ed4d87c4c264f98d2a20216aac') in 0.003435 seconds 
========================================================================
Received Import Request.
  Time since last request: 0.006037 seconds.
  path: Assets/Scripts/PlayerMove.cs
  artifactKey: Guid(940386a61fcfcac489413e848c20df07) Importer(815301076,1909f56bfc062723c751e8b465ee728b)
Start importing Assets/Scripts/PlayerMove.cs using Guid(940386a61fcfcac489413e848c20df07) Importer(815301076,1909f56bfc062723c751e8b465ee728b)  -> (artifact id: '978b6aaf6ce582dfc2a0b0aa3c4b9f45') in 0.009651 seconds 
========================================================================
Received Import Request.
  Time since last request: 0.024594 seconds.
  path: Assets/Sprites/bricks.png
  artifactKey: Guid(c438ea1f0e938c146b0f5da35bbd1205) Importer(815301076,1909f56bfc062723c751e8b465ee728b)
Start importing Assets/Sprites/bricks.png using Guid(c438ea1f0e938c146b0f5da35bbd1205) Importer(815301076,1909f56bfc062723c751e8b465ee728b)  -> (artifact id: '56c7a6183f280ae0b48d999884d21608') in 0.014880 seconds 
========================================================================
Received Import Request.
  Time since last request: 0.011990 seconds.
  path: Assets/Sprites/shut-down-1540631_640.png
  artifactKey: Guid(3ef40012a38d4954aa8f62aba30f3d59) Importer(815301076,1909f56bfc062723c751e8b465ee728b)
Start importing Assets/Sprites/shut-down-1540631_640.png using Guid(3ef40012a38d4954aa8f62aba30f3d59) Importer(815301076,1909f56bfc062723c751e8b465ee728b)  -> (artifact id: 'f7766edf022e0515f2e08e5e5d01f155') in 0.021115 seconds 
========================================================================
Received Import Request.
  Time since last request: 0.018190 seconds.
  path: Assets/Sprites/male-1781413_640.png
  artifactKey: Guid(963a44e641d6dcf4a8d06aac9eb5a29e) Importer(815301076,1909f56bfc062723c751e8b465ee728b)
Start importing Assets/Sprites/male-1781413_640.png using Guid(963a44e641d6dcf4a8d06aac9eb5a29e) Importer(815301076,1909f56bfc062723c751e8b465ee728b)  -> (artifact id: '8b55c6f467d15e0bacaac747691afb94') in 0.093580 seconds 
========================================================================
Received Import Request.
  Time since last request: 0.034518 seconds.
  path: Assets/Sprites/ground.png
  artifactKey: Guid(d6e7792bcf3489e40a85690d2b4cb287) Importer(815301076,1909f56bfc062723c751e8b465ee728b)
Start importing Assets/Sprites/ground.png using Guid(d6e7792bcf3489e40a85690d2b4cb287) Importer(815301076,1909f56bfc062723c751e8b465ee728b)  -> (artifact id: '78963bed80a25c61a9d550b9ddd7da23') in 0.016878 seconds 
========================================================================
Received Import Request.
  Time since last request: 0.010078 seconds.
  path: Assets/Fonts/Gluten-VariableFont_wght.ttf
  artifactKey: Guid(028e5192508012f4592b73f60fd2502b) Importer(815301076,1909f56bfc062723c751e8b465ee728b)
Start importing Assets/Fonts/Gluten-VariableFont_wght.ttf using Guid(028e5192508012f4592b73f60fd2502b) Importer(815301076,1909f56bfc062723c751e8b465ee728b)  -> (artifact id: '42a86718424f3f2bf007c827bbdc3b66') in 0.016796 seconds 
========================================================================
Received Import Request.
  Time since last request: 0.016881 seconds.
  path: Assets/Sprites/spikes.png
  artifactKey: Guid(fe72225c6ce586f42a38eb117460c20f) Importer(815301076,1909f56bfc062723c751e8b465ee728b)
Start importing Assets/Sprites/spikes.png using Guid(fe72225c6ce586f42a38eb117460c20f) Importer(815301076,1909f56bfc062723c751e8b465ee728b)  -> (artifact id: 'd17d51bbc42e171858c97bf7078aea56') in 0.016266 seconds 
========================================================================
Received Import Request.
  Time since last request: 0.006857 seconds.
  path: Assets/Fonts/GrechenFuemen-Regular.ttf
  artifactKey: Guid(9e479f36feb103945b98d4115de0599a) Importer(815301076,1909f56bfc062723c751e8b465ee728b)
Start importing Assets/Fonts/GrechenFuemen-Regular.ttf using Guid(9e479f36feb103945b98d4115de0599a) Importer(815301076,1909f56bfc062723c751e8b465ee728b)  -> (artifact id: '87e75a993c7bff40cfe31f75ab1be45f') in 0.016060 seconds 
========================================================================
Received Import Request.
  Time since last request: 48.611345 seconds.
  path: Assets/Sprites/ctlr btns.png
  artifactKey: Guid(a02fb3dfb54a75845a737a75152e5ecd) Importer(815301076,1909f56bfc062723c751e8b465ee728b)
Start importing Assets/Sprites/ctlr btns.png using Guid(a02fb3dfb54a75845a737a75152e5ecd) Importer(815301076,1909f56bfc062723c751e8b465ee728b)  -> (artifact id: 'aa98a58f9dee5bf143b63be26fcf373f') in 0.015532 seconds 
========================================================================
Received Import Request.
  Time since last request: 59.980583 seconds.
  path: Assets/Sprites/ctlr btns.png
  artifactKey: Guid(a02fb3dfb54a75845a737a75152e5ecd) Importer(815301076,1909f56bfc062723c751e8b465ee728b)
Start importing Assets/Sprites/ctlr btns.png using Guid(a02fb3dfb54a75845a737a75152e5ecd) Importer(815301076,1909f56bfc062723c751e8b465ee728b)  -> (artifact id: '222fec8770954f3e6e476b87ef54c2ba') in 0.025422 seconds 
========================================================================
Received Import Request.
  Time since last request: 27.678469 seconds.
  path: Assets/Sprites/ctlr btns.png
  artifactKey: Guid(a02fb3dfb54a75845a737a75152e5ecd) Importer(815301076,1909f56bfc062723c751e8b465ee728b)
Start importing Assets/Sprites/ctlr btns.png using Guid(a02fb3dfb54a75845a737a75152e5ecd) Importer(815301076,1909f56bfc062723c751e8b465ee728b)  -> (artifact id: '2ebd4c423e020bbf03d576131ff9bc8c') in 0.032153 seconds 
========================================================================
Received Prepare
Registering precompiled user dll's ...
Registered in 0.015033 seconds.
Begin MonoManager ReloadAssembly
Symbol file LoadedFromMemory doesn't match image C:\Users\wilin\Nauka programowania\Library\PackageCache\com.unity.visualscripting@1.6.1\Editor\VisualScripting.Core\Dependencies\YamlDotNet\Unity.VisualScripting.YamlDotNet.dll
Symbol file LoadedFromMemory doesn't match image C:\Users\wilin\Nauka programowania\Library\PackageCache\com.unity.visualscripting@1.6.1\Editor\VisualScripting.Core\Dependencies\DotNetZip\Unity.VisualScripting.IonicZip.dll
Native extension for WindowsStandalone target not found
Refreshing native plugins compatible for Editor in 1.86 ms, found 4 plugins.
Preloading 0 native plugins for Editor in 0.00 ms.
Mono: successfully reloaded assembly
- Completed reload, in  1.752 seconds
Domain Reload Profiling:
	ReloadAssembly (1752ms)
		BeginReloadAssembly (219ms)
			ExecutionOrderSort (0ms)
			DisableScriptedObjects (8ms)
			BackupInstance (0ms)
			ReleaseScriptingObjects (0ms)
			CreateAndSetChildDomain (97ms)
		EndReloadAssembly (1465ms)
			LoadAssemblies (139ms)
			RebuildTransferFunctionScriptingTraits (0ms)
			SetupTypeCache (451ms)
			ReleaseScriptCaches (1ms)
			RebuildScriptCaches (62ms)
			SetupLoadedEditorAssemblies (644ms)
				LogAssemblyErrors (0ms)
				InitializePlatformSupportModulesInManaged (8ms)
				SetLoadedEditorAssemblies (1ms)
				RefreshPlugins (2ms)
				BeforeProcessingInitializeOnLoad (109ms)
				ProcessInitializeOnLoadAttributes (507ms)
				ProcessInitializeOnLoadMethodAttributes (10ms)
				AfterProcessingInitializeOnLoad (6ms)
				EditorAssembliesLoaded (0ms)
			ExecutionOrderSort2 (0ms)
			AwakeInstancesAfterBackupRestoration (19ms)
Platform modules already initialized, skipping
Switching build target platform(19) subTarget(0) extendedPlatform(0) -> platform(13) subTarget(537395200) extendedPlatform(0)
Refreshing native plugins compatible for Editor in 0.92 ms, found 4 plugins.
Preloading 0 native plugins for Editor in 0.00 ms.
Unloading 3694 Unused Serialized files (Serialized files now loaded: 0)
System memory in use before: 162.8 MB.
System memory in use after: 163.1 MB.

Unloading 18 unused Assets to reduce memory usage. Loaded Objects now: 4431.
Total: 4.089900 ms (FindLiveObjects: 0.458300 ms CreateObjectMapping: 0.247400 ms MarkObjects: 3.360700 ms  DeleteObjects: 0.022400 ms)

AssetImportParameters requested are different than current active one (requested -> active):
  custom:framework-win-MediaFoundation: 216162199b28c13a410421893ffa2e32 -> 
  custom:video-decoder-ogg-theora: a1e56fd34408186e4bbccfd4996cb3dc -> 
  custom:container-muxer-webm: aa71ff27fc2769a1b78a27578f13a17b -> 
  custom:container-demuxer-webm: 4f35f7cbe854078d1ac9338744f61a02 -> 
  custom:container-demuxer-ogg: 62fdf1f143b41e24485cea50d1cbac27 -> 
  custom:video-encoder-webm-vp8: eb34c28f22e8b96e1ab97ce403110664 -> 
  custom:video-decoder-webm-vp8: 9c59270c3fd7afecdb556c50c9e8de78 -> 
  custom:graphics/normal-map-encoding: 01000000000000000000000000000000 -> 02000000000000000000000000000000
  custom:audio-decoder-ogg-vorbis: bf7c407c2cedff20999df2af8eb42d56 -> 
  custom:audio-encoder-webm-vorbis: bf7c407c2cedff20999df2af8eb42d56 -> 
========================================================================
Received Prepare
Registering precompiled user dll's ...
Registered in 0.005739 seconds.
Begin MonoManager ReloadAssembly
Symbol file LoadedFromMemory doesn't match image C:\Users\wilin\Nauka programowania\Library\PackageCache\com.unity.visualscripting@1.6.1\Editor\VisualScripting.Core\Dependencies\YamlDotNet\Unity.VisualScripting.YamlDotNet.dll
Symbol file LoadedFromMemory doesn't match image C:\Users\wilin\Nauka programowania\Library\PackageCache\com.unity.visualscripting@1.6.1\Editor\VisualScripting.Core\Dependencies\DotNetZip\Unity.VisualScripting.IonicZip.dll
Native extension for WindowsStandalone target not found
Refreshing native plugins compatible for Editor in 0.78 ms, found 4 plugins.
Preloading 0 native plugins for Editor in 0.00 ms.
Mono: successfully reloaded assembly
- Completed reload, in  1.617 seconds
Domain Reload Profiling:
	ReloadAssembly (1617ms)
		BeginReloadAssembly (160ms)
			ExecutionOrderSort (0ms)
			DisableScriptedObjects (11ms)
			BackupInstance (0ms)
			ReleaseScriptingObjects (0ms)
			CreateAndSetChildDomain (48ms)
		EndReloadAssembly (1389ms)
			LoadAssemblies (128ms)
			RebuildTransferFunctionScriptingTraits (0ms)
			SetupTypeCache (421ms)
			ReleaseScriptCaches (1ms)
			RebuildScriptCaches (75ms)
			SetupLoadedEditorAssemblies (575ms)
				LogAssemblyErrors (0ms)
				InitializePlatformSupportModulesInManaged (5ms)
				SetLoadedEditorAssemblies (0ms)
				RefreshPlugins (1ms)
				BeforeProcessingInitializeOnLoad (78ms)
				ProcessInitializeOnLoadAttributes (464ms)
				ProcessInitializeOnLoadMethodAttributes (19ms)
				AfterProcessingInitializeOnLoad (8ms)
				EditorAssembliesLoaded (1ms)
			ExecutionOrderSort2 (0ms)
			AwakeInstancesAfterBackupRestoration (26ms)
Platform modules already initialized, skipping
Switching build target platform(19) subTarget(0) extendedPlatform(0) -> platform(13) subTarget(537395200) extendedPlatform(0)
Refreshing native plugins compatible for Editor in 0.89 ms, found 4 plugins.
Preloading 0 native plugins for Editor in 0.00 ms.
Unloading 3681 Unused Serialized files (Serialized files now loaded: 0)
System memory in use before: 162.4 MB.
System memory in use after: 162.6 MB.

Unloading 18 unused Assets to reduce memory usage. Loaded Objects now: 4434.
Total: 3.731900 ms (FindLiveObjects: 0.393600 ms CreateObjectMapping: 0.263500 ms MarkObjects: 3.053400 ms  DeleteObjects: 0.019700 ms)

AssetImportParameters requested are different than current active one (requested -> active):
  custom:framework-win-MediaFoundation: 216162199b28c13a410421893ffa2e32 -> 
  custom:video-decoder-ogg-theora: a1e56fd34408186e4bbccfd4996cb3dc -> 
  custom:container-muxer-webm: aa71ff27fc2769a1b78a27578f13a17b -> 
  custom:container-demuxer-webm: 4f35f7cbe854078d1ac9338744f61a02 -> 
  custom:container-demuxer-ogg: 62fdf1f143b41e24485cea50d1cbac27 -> 
  custom:video-encoder-webm-vp8: eb34c28f22e8b96e1ab97ce403110664 -> 
  custom:video-decoder-webm-vp8: 9c59270c3fd7afecdb556c50c9e8de78 -> 
  custom:graphics/normal-map-encoding: 01000000000000000000000000000000 -> 02000000000000000000000000000000
  custom:audio-decoder-ogg-vorbis: bf7c407c2cedff20999df2af8eb42d56 -> 
  custom:audio-encoder-webm-vorbis: bf7c407c2cedff20999df2af8eb42d56 -> 
========================================================================
Received Prepare
Registering precompiled user dll's ...
Registered in 0.006157 seconds.
Begin MonoManager ReloadAssembly
Symbol file LoadedFromMemory doesn't match image C:\Users\wilin\Nauka programowania\Library\PackageCache\com.unity.visualscripting@1.6.1\Editor\VisualScripting.Core\Dependencies\YamlDotNet\Unity.VisualScripting.YamlDotNet.dll
Symbol file LoadedFromMemory doesn't match image C:\Users\wilin\Nauka programowania\Library\PackageCache\com.unity.visualscripting@1.6.1\Editor\VisualScripting.Core\Dependencies\DotNetZip\Unity.VisualScripting.IonicZip.dll
Native extension for WindowsStandalone target not found
Refreshing native plugins compatible for Editor in 1.33 ms, found 4 plugins.
Preloading 0 native plugins for Editor in 0.00 ms.
Mono: successfully reloaded assembly
- Completed reload, in  1.577 seconds
Domain Reload Profiling:
	ReloadAssembly (1577ms)
		BeginReloadAssembly (156ms)
			ExecutionOrderSort (0ms)
			DisableScriptedObjects (9ms)
			BackupInstance (0ms)
			ReleaseScriptingObjects (0ms)
			CreateAndSetChildDomain (49ms)
		EndReloadAssembly (1349ms)
			LoadAssemblies (113ms)
			RebuildTransferFunctionScriptingTraits (1ms)
			SetupTypeCache (422ms)
			ReleaseScriptCaches (2ms)
			RebuildScriptCaches (68ms)
			SetupLoadedEditorAssemblies (501ms)
				LogAssemblyErrors (0ms)
				InitializePlatformSupportModulesInManaged (4ms)
				SetLoadedEditorAssemblies (0ms)
				RefreshPlugins (1ms)
				BeforeProcessingInitializeOnLoad (84ms)
				ProcessInitializeOnLoadAttributes (370ms)
				ProcessInitializeOnLoadMethodAttributes (27ms)
				AfterProcessingInitializeOnLoad (14ms)
				EditorAssembliesLoaded (0ms)
			ExecutionOrderSort2 (0ms)
			AwakeInstancesAfterBackupRestoration (27ms)
Platform modules already initialized, skipping
Switching build target platform(19) subTarget(0) extendedPlatform(0) -> platform(13) subTarget(537395200) extendedPlatform(0)
Refreshing native plugins compatible for Editor in 0.75 ms, found 4 plugins.
Preloading 0 native plugins for Editor in 0.00 ms.
Unloading 3681 Unused Serialized files (Serialized files now loaded: 0)
System memory in use before: 162.4 MB.
System memory in use after: 162.7 MB.

Unloading 18 unused Assets to reduce memory usage. Loaded Objects now: 4437.
Total: 3.663500 ms (FindLiveObjects: 0.302000 ms CreateObjectMapping: 0.180000 ms MarkObjects: 3.158800 ms  DeleteObjects: 0.021500 ms)

AssetImportParameters requested are different than current active one (requested -> active):
  custom:framework-win-MediaFoundation: 216162199b28c13a410421893ffa2e32 -> 
  custom:video-decoder-ogg-theora: a1e56fd34408186e4bbccfd4996cb3dc -> 
  custom:container-muxer-webm: aa71ff27fc2769a1b78a27578f13a17b -> 
  custom:container-demuxer-webm: 4f35f7cbe854078d1ac9338744f61a02 -> 
  custom:container-demuxer-ogg: 62fdf1f143b41e24485cea50d1cbac27 -> 
  custom:video-encoder-webm-vp8: eb34c28f22e8b96e1ab97ce403110664 -> 
  custom:video-decoder-webm-vp8: 9c59270c3fd7afecdb556c50c9e8de78 -> 
  custom:graphics/normal-map-encoding: 01000000000000000000000000000000 -> 02000000000000000000000000000000
  custom:audio-decoder-ogg-vorbis: bf7c407c2cedff20999df2af8eb42d56 -> 
  custom:audio-encoder-webm-vorbis: bf7c407c2cedff20999df2af8eb42d56 -> 
========================================================================
Received Prepare
Registering precompiled user dll's ...
Registered in 0.005177 seconds.
Begin MonoManager ReloadAssembly
Symbol file LoadedFromMemory doesn't match image C:\Users\wilin\Nauka programowania\Library\PackageCache\com.unity.visualscripting@1.6.1\Editor\VisualScripting.Core\Dependencies\YamlDotNet\Unity.VisualScripting.YamlDotNet.dll
Symbol file LoadedFromMemory doesn't match image C:\Users\wilin\Nauka programowania\Library\PackageCache\com.unity.visualscripting@1.6.1\Editor\VisualScripting.Core\Dependencies\DotNetZip\Unity.VisualScripting.IonicZip.dll
Native extension for WindowsStandalone target not found
Refreshing native plugins compatible for Editor in 0.76 ms, found 4 plugins.
Preloading 0 native plugins for Editor in 0.00 ms.
Mono: successfully reloaded assembly
- Completed reload, in  1.207 seconds
Domain Reload Profiling:
	ReloadAssembly (1207ms)
		BeginReloadAssembly (135ms)
			ExecutionOrderSort (0ms)
			DisableScriptedObjects (10ms)
			BackupInstance (0ms)
			ReleaseScriptingObjects (0ms)
			CreateAndSetChildDomain (42ms)
		EndReloadAssembly (1011ms)
			LoadAssemblies (104ms)
			RebuildTransferFunctionScriptingTraits (0ms)
			SetupTypeCache (399ms)
			ReleaseScriptCaches (1ms)
			RebuildScriptCaches (46ms)
			SetupLoadedEditorAssemblies (333ms)
				LogAssemblyErrors (0ms)
				InitializePlatformSupportModulesInManaged (4ms)
				SetLoadedEditorAssemblies (0ms)
				RefreshPlugins (1ms)
				BeforeProcessingInitializeOnLoad (74ms)
				ProcessInitializeOnLoadAttributes (239ms)
				ProcessInitializeOnLoadMethodAttributes (8ms)
				AfterProcessingInitializeOnLoad (6ms)
				EditorAssembliesLoaded (0ms)
			ExecutionOrderSort2 (0ms)
			AwakeInstancesAfterBackupRestoration (17ms)
Platform modules already initialized, skipping
Switching build target platform(19) subTarget(0) extendedPlatform(0) -> platform(13) subTarget(537395200) extendedPlatform(0)
Refreshing native plugins compatible for Editor in 0.74 ms, found 4 plugins.
Preloading 0 native plugins for Editor in 0.00 ms.
Unloading 3681 Unused Serialized files (Serialized files now loaded: 0)
System memory in use before: 162.4 MB.
System memory in use after: 162.7 MB.

Unloading 18 unused Assets to reduce memory usage. Loaded Objects now: 4440.
Total: 4.115700 ms (FindLiveObjects: 0.311300 ms CreateObjectMapping: 0.187600 ms MarkObjects: 3.592800 ms  DeleteObjects: 0.022900 ms)

AssetImportParameters requested are different than current active one (requested -> active):
  custom:framework-win-MediaFoundation: 216162199b28c13a410421893ffa2e32 -> 
  custom:video-decoder-ogg-theora: a1e56fd34408186e4bbccfd4996cb3dc -> 
  custom:container-muxer-webm: aa71ff27fc2769a1b78a27578f13a17b -> 
  custom:container-demuxer-webm: 4f35f7cbe854078d1ac9338744f61a02 -> 
  custom:container-demuxer-ogg: 62fdf1f143b41e24485cea50d1cbac27 -> 
  custom:video-encoder-webm-vp8: eb34c28f22e8b96e1ab97ce403110664 -> 
  custom:video-decoder-webm-vp8: 9c59270c3fd7afecdb556c50c9e8de78 -> 
  custom:graphics/normal-map-encoding: 01000000000000000000000000000000 -> 02000000000000000000000000000000
  custom:audio-decoder-ogg-vorbis: bf7c407c2cedff20999df2af8eb42d56 -> 
  custom:audio-encoder-webm-vorbis: bf7c407c2cedff20999df2af8eb42d56 -> 
========================================================================
Received Import Request.
  Time since last request: 3213.424093 seconds.
  path: Assets/Prefabs/CanvasControll.prefab
  artifactKey: Guid(b4e73ec55f0b7a64c89ab1bea929fc4e) Importer(815301076,1909f56bfc062723c751e8b465ee728b)
Start importing Assets/Prefabs/CanvasControll.prefab using Guid(b4e73ec55f0b7a64c89ab1bea929fc4e) Importer(815301076,1909f56bfc062723c751e8b465ee728b)  -> (artifact id: '5dfd14db19e95362336bd5a8e4b40807') in 3.676418 seconds 
========================================================================
Received Import Request.
  Time since last request: 0.001617 seconds.
  path: Assets/Prefabs/CanvasControll.prefab
  artifactKey: Guid(b4e73ec55f0b7a64c89ab1bea929fc4e) Importer(815301076,1909f56bfc062723c751e8b465ee728b)
Start importing Assets/Prefabs/CanvasControll.prefab using Guid(b4e73ec55f0b7a64c89ab1bea929fc4e) Importer(815301076,1909f56bfc062723c751e8b465ee728b)  -> (artifact id: '5dfd14db19e95362336bd5a8e4b40807') in 0.548860 seconds 
========================================================================
Received Prepare
Registering precompiled user dll's ...
Registered in 0.005294 seconds.
Begin MonoManager ReloadAssembly
Symbol file LoadedFromMemory doesn't match image C:\Users\wilin\Nauka programowania\Library\PackageCache\com.unity.visualscripting@1.6.1\Editor\VisualScripting.Core\Dependencies\YamlDotNet\Unity.VisualScripting.YamlDotNet.dll
Symbol file LoadedFromMemory doesn't match image C:\Users\wilin\Nauka programowania\Library\PackageCache\com.unity.visualscripting@1.6.1\Editor\VisualScripting.Core\Dependencies\DotNetZip\Unity.VisualScripting.IonicZip.dll
Native extension for WindowsStandalone target not found
Refreshing native plugins compatible for Editor in 0.78 ms, found 4 plugins.
Preloading 0 native plugins for Editor in 0.00 ms.
Mono: successfully reloaded assembly
- Completed reload, in  1.203 seconds
Domain Reload Profiling:
	ReloadAssembly (1204ms)
		BeginReloadAssembly (142ms)
			ExecutionOrderSort (0ms)
			DisableScriptedObjects (10ms)
			BackupInstance (0ms)
			ReleaseScriptingObjects (0ms)
			CreateAndSetChildDomain (40ms)
		EndReloadAssembly (997ms)
			LoadAssemblies (113ms)
			RebuildTransferFunctionScriptingTraits (0ms)
			SetupTypeCache (394ms)
			ReleaseScriptCaches (1ms)
			RebuildScriptCaches (46ms)
			SetupLoadedEditorAssemblies (307ms)
				LogAssemblyErrors (0ms)
				InitializePlatformSupportModulesInManaged (5ms)
				SetLoadedEditorAssemblies (0ms)
				RefreshPlugins (1ms)
				BeforeProcessingInitializeOnLoad (68ms)
				ProcessInitializeOnLoadAttributes (218ms)
				ProcessInitializeOnLoadMethodAttributes (9ms)
				AfterProcessingInitializeOnLoad (6ms)
				EditorAssembliesLoaded (0ms)
			ExecutionOrderSort2 (0ms)
			AwakeInstancesAfterBackupRestoration (16ms)
Platform modules already initialized, skipping
Switching build target platform(19) subTarget(0) extendedPlatform(0) -> platform(13) subTarget(537395200) extendedPlatform(0)
Refreshing native plugins compatible for Editor in 0.78 ms, found 4 plugins.
Preloading 0 native plugins for Editor in 0.00 ms.
Unloading 3681 Unused Serialized files (Serialized files now loaded: 0)
System memory in use before: 162.5 MB.
System memory in use after: 162.7 MB.

Unloading 18 unused Assets to reduce memory usage. Loaded Objects now: 4443.
Total: 3.639600 ms (FindLiveObjects: 0.311600 ms CreateObjectMapping: 0.209200 ms MarkObjects: 3.100700 ms  DeleteObjects: 0.016800 ms)

AssetImportParameters requested are different than current active one (requested -> active):
  custom:framework-win-MediaFoundation: 216162199b28c13a410421893ffa2e32 -> 
  custom:video-decoder-ogg-theora: a1e56fd34408186e4bbccfd4996cb3dc -> 
  custom:container-muxer-webm: aa71ff27fc2769a1b78a27578f13a17b -> 
  custom:container-demuxer-webm: 4f35f7cbe854078d1ac9338744f61a02 -> 
  custom:container-demuxer-ogg: 62fdf1f143b41e24485cea50d1cbac27 -> 
  custom:video-encoder-webm-vp8: eb34c28f22e8b96e1ab97ce403110664 -> 
  custom:video-decoder-webm-vp8: 9c59270c3fd7afecdb556c50c9e8de78 -> 
  custom:graphics/normal-map-encoding: 01000000000000000000000000000000 -> 02000000000000000000000000000000
  custom:audio-decoder-ogg-vorbis: bf7c407c2cedff20999df2af8eb42d56 -> 
  custom:audio-encoder-webm-vorbis: bf7c407c2cedff20999df2af8eb42d56 -> 
========================================================================
Received Prepare
Registering precompiled user dll's ...
Registered in 0.004738 seconds.
Begin MonoManager ReloadAssembly
Symbol file LoadedFromMemory doesn't match image C:\Users\wilin\Nauka programowania\Library\PackageCache\com.unity.visualscripting@1.6.1\Editor\VisualScripting.Core\Dependencies\YamlDotNet\Unity.VisualScripting.YamlDotNet.dll
Symbol file LoadedFromMemory doesn't match image C:\Users\wilin\Nauka programowania\Library\PackageCache\com.unity.visualscripting@1.6.1\Editor\VisualScripting.Core\Dependencies\DotNetZip\Unity.VisualScripting.IonicZip.dll
Native extension for WindowsStandalone target not found
Refreshing native plugins compatible for Editor in 0.82 ms, found 4 plugins.
Preloading 0 native plugins for Editor in 0.00 ms.
Mono: successfully reloaded assembly
- Completed reload, in  1.178 seconds
Domain Reload Profiling:
	ReloadAssembly (1178ms)
		BeginReloadAssembly (140ms)
			ExecutionOrderSort (0ms)
			DisableScriptedObjects (8ms)
			BackupInstance (0ms)
			ReleaseScriptingObjects (0ms)
			CreateAndSetChildDomain (40ms)
		EndReloadAssembly (976ms)
			LoadAssemblies (103ms)
			RebuildTransferFunctionScriptingTraits (0ms)
			SetupTypeCache (363ms)
			ReleaseScriptCaches (1ms)
			RebuildScriptCaches (46ms)
			SetupLoadedEditorAssemblies (306ms)
				LogAssemblyErrors (0ms)
				InitializePlatformSupportModulesInManaged (4ms)
				SetLoadedEditorAssemblies (0ms)
				RefreshPlugins (1ms)
				BeforeProcessingInitializeOnLoad (69ms)
				ProcessInitializeOnLoadAttributes (217ms)
				ProcessInitializeOnLoadMethodAttributes (9ms)
				AfterProcessingInitializeOnLoad (6ms)
				EditorAssembliesLoaded (0ms)
			ExecutionOrderSort2 (0ms)
			AwakeInstancesAfterBackupRestoration (16ms)
Platform modules already initialized, skipping
Switching build target platform(19) subTarget(0) extendedPlatform(0) -> platform(13) subTarget(537395200) extendedPlatform(0)
Refreshing native plugins compatible for Editor in 1.01 ms, found 4 plugins.
Preloading 0 native plugins for Editor in 0.00 ms.
Unloading 3681 Unused Serialized files (Serialized files now loaded: 0)
System memory in use before: 162.5 MB.
System memory in use after: 162.7 MB.

Unloading 18 unused Assets to reduce memory usage. Loaded Objects now: 4446.
Total: 4.050700 ms (FindLiveObjects: 0.308300 ms CreateObjectMapping: 0.193300 ms MarkObjects: 3.528400 ms  DeleteObjects: 0.019500 ms)

AssetImportParameters requested are different than current active one (requested -> active):
  custom:framework-win-MediaFoundation: 216162199b28c13a410421893ffa2e32 -> 
  custom:video-decoder-ogg-theora: a1e56fd34408186e4bbccfd4996cb3dc -> 
  custom:container-muxer-webm: aa71ff27fc2769a1b78a27578f13a17b -> 
  custom:container-demuxer-webm: 4f35f7cbe854078d1ac9338744f61a02 -> 
  custom:container-demuxer-ogg: 62fdf1f143b41e24485cea50d1cbac27 -> 
  custom:video-encoder-webm-vp8: eb34c28f22e8b96e1ab97ce403110664 -> 
  custom:video-decoder-webm-vp8: 9c59270c3fd7afecdb556c50c9e8de78 -> 
  custom:graphics/normal-map-encoding: 01000000000000000000000000000000 -> 02000000000000000000000000000000
  custom:audio-decoder-ogg-vorbis: bf7c407c2cedff20999df2af8eb42d56 -> 
  custom:audio-encoder-webm-vorbis: bf7c407c2cedff20999df2af8eb42d56 -> 
========================================================================
Received Import Request.
  Time since last request: 368.523339 seconds.
  path: Assets/Scenes/MainMenu.unity
  artifactKey: Guid(44e01b56fa0005a4e8f27de6af46397c) Importer(815301076,1909f56bfc062723c751e8b465ee728b)
Start importing Assets/Scenes/MainMenu.unity using Guid(44e01b56fa0005a4e8f27de6af46397c) Importer(815301076,1909f56bfc062723c751e8b465ee728b)  -> (artifact id: '6ae8f7e4c61ad8809618b281e02ed6aa') in 0.014731 seconds 
========================================================================
Received Import Request.
  Time since last request: 0.011119 seconds.
  path: Assets/Scenes/Level 1.unity
  artifactKey: Guid(2cda990e2423bbf4892e6590ba056729) Importer(815301076,1909f56bfc062723c751e8b465ee728b)
Start importing Assets/Scenes/Level 1.unity using Guid(2cda990e2423bbf4892e6590ba056729) Importer(815301076,1909f56bfc062723c751e8b465ee728b)  -> (artifact id: '9f23d282f8fa1883ef5475b38e9c1d1f') in 0.003332 seconds 
========================================================================
Received Import Request.
  Time since last request: 0.004710 seconds.
  path: Assets/Scripts/PlayerMove.cs
  artifactKey: Guid(940386a61fcfcac489413e848c20df07) Importer(815301076,1909f56bfc062723c751e8b465ee728b)
Start importing Assets/Scripts/PlayerMove.cs using Guid(940386a61fcfcac489413e848c20df07) Importer(815301076,1909f56bfc062723c751e8b465ee728b)  -> (artifact id: '7eeaf3b1ac2409867ac10d825d41c2f9') in 0.002926 seconds 
========================================================================
Received Import Request.
  Time since last request: 0.002595 seconds.
  path: Assets/Scenes/Level 2.unity
  artifactKey: Guid(28068bc05261cd5419fafb827cae8873) Importer(815301076,1909f56bfc062723c751e8b465ee728b)
Start importing Assets/Scenes/Level 2.unity using Guid(28068bc05261cd5419fafb827cae8873) Importer(815301076,1909f56bfc062723c751e8b465ee728b)  -> (artifact id: '6bf974decd6cf84471732e9425e16d26') in 0.006542 seconds 
========================================================================
Received Import Request.
  Time since last request: 0.058322 seconds.
  path: Assets/Scripts/PlayerShoot.cs
  artifactKey: Guid(4ad1a6826aba21e43a8a92a510c0d653) Importer(815301076,1909f56bfc062723c751e8b465ee728b)
Start importing Assets/Scripts/PlayerShoot.cs using Guid(4ad1a6826aba21e43a8a92a510c0d653) Importer(815301076,1909f56bfc062723c751e8b465ee728b)  -> (artifact id: '23d3f6bb85ada6a659d450a396097f07') in 0.006593 seconds 
========================================================================
Received Prepare
Refreshing native plugins compatible for Editor in 4.34 ms, found 4 plugins.
Preloading 0 native plugins for Editor in 0.00 ms.
Unloading 16 Unused Serialized files (Serialized files now loaded: 0)
System memory in use before: 90.0 MB.
System memory in use after: 90.3 MB.

Unloading 16 unused Assets to reduce memory usage. Loaded Objects now: 4446.
Total: 4.599400 ms (FindLiveObjects: 0.389300 ms CreateObjectMapping: 0.250100 ms MarkObjects: 3.939200 ms  DeleteObjects: 0.019500 ms)

AssetImportParameters requested are different than current active one (requested -> active):
  custom:framework-win-MediaFoundation: 216162199b28c13a410421893ffa2e32 -> 
  custom:video-decoder-ogg-theora: a1e56fd34408186e4bbccfd4996cb3dc -> 
  custom:container-muxer-webm: aa71ff27fc2769a1b78a27578f13a17b -> 
  custom:container-demuxer-webm: 4f35f7cbe854078d1ac9338744f61a02 -> 
  custom:container-demuxer-ogg: 62fdf1f143b41e24485cea50d1cbac27 -> 
  custom:video-encoder-webm-vp8: eb34c28f22e8b96e1ab97ce403110664 -> 
  custom:video-decoder-webm-vp8: 9c59270c3fd7afecdb556c50c9e8de78 -> 
  custom:audio-decoder-ogg-vorbis: bf7c407c2cedff20999df2af8eb42d56 -> 
  custom:audio-encoder-webm-vorbis: bf7c407c2cedff20999df2af8eb42d56 -> 
========================================================================
Received Prepare
Registering precompiled user dll's ...
Registered in 0.005277 seconds.
Begin MonoManager ReloadAssembly
Symbol file LoadedFromMemory doesn't match image C:\Users\wilin\Nauka programowania\Library\PackageCache\com.unity.visualscripting@1.6.1\Editor\VisualScripting.Core\Dependencies\YamlDotNet\Unity.VisualScripting.YamlDotNet.dll
Symbol file LoadedFromMemory doesn't match image C:\Users\wilin\Nauka programowania\Library\PackageCache\com.unity.visualscripting@1.6.1\Editor\VisualScripting.Core\Dependencies\DotNetZip\Unity.VisualScripting.IonicZip.dll
Native extension for WindowsStandalone target not found
Refreshing native plugins compatible for Editor in 0.77 ms, found 4 plugins.
Preloading 0 native plugins for Editor in 0.00 ms.
Mono: successfully reloaded assembly
- Completed reload, in  1.204 seconds
Domain Reload Profiling:
	ReloadAssembly (1204ms)
		BeginReloadAssembly (144ms)
			ExecutionOrderSort (0ms)
			DisableScriptedObjects (9ms)
			BackupInstance (0ms)
			ReleaseScriptingObjects (0ms)
			CreateAndSetChildDomain (43ms)
		EndReloadAssembly (999ms)
			LoadAssemblies (106ms)
			RebuildTransferFunctionScriptingTraits (0ms)
			SetupTypeCache (368ms)
			ReleaseScriptCaches (1ms)
			RebuildScriptCaches (46ms)
			SetupLoadedEditorAssemblies (323ms)
				LogAssemblyErrors (0ms)
				InitializePlatformSupportModulesInManaged (5ms)
				SetLoadedEditorAssemblies (0ms)
				RefreshPlugins (1ms)
				BeforeProcessingInitializeOnLoad (68ms)
				ProcessInitializeOnLoadAttributes (233ms)
				ProcessInitializeOnLoadMethodAttributes (9ms)
				AfterProcessingInitializeOnLoad (6ms)
				EditorAssembliesLoaded (0ms)
			ExecutionOrderSort2 (0ms)
			AwakeInstancesAfterBackupRestoration (18ms)
Platform modules already initialized, skipping
Switching build target platform(19) subTarget(0) extendedPlatform(0) -> platform(13) subTarget(537395200) extendedPlatform(0)
Refreshing native plugins compatible for Editor in 0.76 ms, found 4 plugins.
Preloading 0 native plugins for Editor in 0.00 ms.
Unloading 3681 Unused Serialized files (Serialized files now loaded: 0)
System memory in use before: 162.5 MB.
System memory in use after: 162.7 MB.

Unloading 18 unused Assets to reduce memory usage. Loaded Objects now: 4449.
Total: 3.849800 ms (FindLiveObjects: 0.318500 ms CreateObjectMapping: 0.193800 ms MarkObjects: 3.317300 ms  DeleteObjects: 0.019000 ms)

AssetImportParameters requested are different than current active one (requested -> active):
  custom:framework-win-MediaFoundation: 216162199b28c13a410421893ffa2e32 -> 
  custom:video-decoder-ogg-theora: a1e56fd34408186e4bbccfd4996cb3dc -> 
  custom:container-muxer-webm: aa71ff27fc2769a1b78a27578f13a17b -> 
  custom:container-demuxer-webm: 4f35f7cbe854078d1ac9338744f61a02 -> 
  custom:container-demuxer-ogg: 62fdf1f143b41e24485cea50d1cbac27 -> 
  custom:video-encoder-webm-vp8: eb34c28f22e8b96e1ab97ce403110664 -> 
  custom:video-decoder-webm-vp8: 9c59270c3fd7afecdb556c50c9e8de78 -> 
  custom:graphics/normal-map-encoding: 01000000000000000000000000000000 -> 02000000000000000000000000000000
  custom:audio-decoder-ogg-vorbis: bf7c407c2cedff20999df2af8eb42d56 -> 
  custom:audio-encoder-webm-vorbis: bf7c407c2cedff20999df2af8eb42d56 -> 
AssetImportWorkerClient::OnTransportError - code=2 error=End of file
